[2024-06-17T13:23:37.872+0000] {manager.py:470} INFO - Processing files using up to 2 processes at a time 
[2024-06-17T13:23:37.876+0000] {manager.py:471} INFO - Process each file at most once every 30 seconds
[2024-06-17T13:23:37.878+0000] {manager.py:472} INFO - Checking for new files in /opt/airflow/dags every 300 seconds
[2024-06-17T13:23:37.880+0000] {manager.py:737} INFO - Searching for files in /opt/airflow/dags
[2024-06-17T13:23:37.894+0000] {manager.py:740} INFO - There are 0 files in /opt/airflow/dags
[2024-06-17T13:27:11.629+0000] {manager.py:452} INFO - Exiting gracefully upon receiving signal 15
[2024-06-17T13:28:49.971+0000] {manager.py:470} INFO - Processing files using up to 2 processes at a time 
[2024-06-17T13:28:49.976+0000] {manager.py:471} INFO - Process each file at most once every 30 seconds
[2024-06-17T13:28:49.978+0000] {manager.py:472} INFO - Checking for new files in /opt/airflow/dags every 300 seconds
[2024-06-17T13:28:49.982+0000] {manager.py:737} INFO - Searching for files in /opt/airflow/dags
[2024-06-17T13:28:50.059+0000] {manager.py:740} INFO - There are 2 files in /opt/airflow/dags
[2024-06-17T13:28:53.498+0000] {manager.py:878} INFO - 
================================================================================
DAG File Processing Stats

File Path                              PID  Runtime      # DAGs    # Errors  Last Runtime    Last Run
-----------------------------------  -----  ---------  --------  ----------  --------------  ----------
/opt/airflow/dags/historical_dag.py    162  1.62s             0           0
/opt/airflow/dags/test_dat.py          159  1.95s             0           0
================================================================================
[2024-06-17T13:29:24.453+0000] {manager.py:878} INFO - 
================================================================================
DAG File Processing Stats

File Path                              PID  Runtime      # DAGs    # Errors  Last Runtime    Last Run
-----------------------------------  -----  ---------  --------  ----------  --------------  -------------------
/opt/airflow/dags/test_dat.py          172  0.31s             0           1  2.32s           2024-06-17T13:28:53
/opt/airflow/dags/historical_dag.py    175  0.11s             0           1  1.90s           2024-06-17T13:28:53
================================================================================
[2024-06-17T13:29:55.056+0000] {manager.py:878} INFO - 
================================================================================
DAG File Processing Stats

File Path                            PID    Runtime      # DAGs    # Errors  Last Runtime    Last Run
-----------------------------------  -----  ---------  --------  ----------  --------------  -------------------
/opt/airflow/dags/test_dat.py                                 0           1  2.65s           2024-06-17T13:29:26
/opt/airflow/dags/historical_dag.py                           0           1  2.47s           2024-06-17T13:29:26
================================================================================
[2024-06-17T13:30:25.553+0000] {manager.py:878} INFO - 
================================================================================
DAG File Processing Stats

File Path                            PID    Runtime      # DAGs    # Errors  Last Runtime    Last Run
-----------------------------------  -----  ---------  --------  ----------  --------------  -------------------
/opt/airflow/dags/test_dat.py                                 0           1  1.10s           2024-06-17T13:29:58
/opt/airflow/dags/historical_dag.py                           0           1  0.99s           2024-06-17T13:29:58
================================================================================
[2024-06-17T13:30:55.759+0000] {manager.py:878} INFO - 
================================================================================
DAG File Processing Stats

File Path                            PID    Runtime      # DAGs    # Errors  Last Runtime    Last Run
-----------------------------------  -----  ---------  --------  ----------  --------------  -------------------
/opt/airflow/dags/test_dat.py                                 0           1  1.87s           2024-06-17T13:30:30
/opt/airflow/dags/historical_dag.py                           0           1  1.60s           2024-06-17T13:30:30
================================================================================
[2024-06-17T13:31:25.930+0000] {manager.py:878} INFO - 
================================================================================
DAG File Processing Stats

File Path                            PID    Runtime      # DAGs    # Errors  Last Runtime    Last Run
-----------------------------------  -----  ---------  --------  ----------  --------------  -------------------
/opt/airflow/dags/test_dat.py                                 0           1  0.47s           2024-06-17T13:31:01
/opt/airflow/dags/historical_dag.py                           0           1  0.41s           2024-06-17T13:31:01
================================================================================
[2024-06-17T13:31:56.387+0000] {manager.py:878} INFO - 
================================================================================
DAG File Processing Stats

File Path                            PID    Runtime      # DAGs    # Errors  Last Runtime    Last Run
-----------------------------------  -----  ---------  --------  ----------  --------------  -------------------
/opt/airflow/dags/test_dat.py                                 0           1  0.18s           2024-06-17T13:31:32
/opt/airflow/dags/historical_dag.py                           0           1  0.16s           2024-06-17T13:31:32
================================================================================
[2024-06-17T13:32:27.046+0000] {manager.py:878} INFO - 
================================================================================
DAG File Processing Stats

File Path                            PID    Runtime      # DAGs    # Errors  Last Runtime    Last Run
-----------------------------------  -----  ---------  --------  ----------  --------------  -------------------
/opt/airflow/dags/test_dat.py                                 0           1  0.20s           2024-06-17T13:32:02
/opt/airflow/dags/historical_dag.py                           0           1  0.20s           2024-06-17T13:32:02
================================================================================
[2024-06-17T13:32:57.435+0000] {manager.py:878} INFO - 
================================================================================
DAG File Processing Stats

File Path                            PID    Runtime      # DAGs    # Errors  Last Runtime    Last Run
-----------------------------------  -----  ---------  --------  ----------  --------------  -------------------
/opt/airflow/dags/test_dat.py                                 0           1  0.18s           2024-06-17T13:32:33
/opt/airflow/dags/historical_dag.py                           0           1  0.17s           2024-06-17T13:32:33
================================================================================
[2024-06-17T13:33:27.968+0000] {manager.py:878} INFO - 
================================================================================
DAG File Processing Stats

File Path                            PID    Runtime      # DAGs    # Errors  Last Runtime    Last Run
-----------------------------------  -----  ---------  --------  ----------  --------------  -------------------
/opt/airflow/dags/historical_dag.py                           0           1  0.16s           2024-06-17T13:33:03
/opt/airflow/dags/test_dat.py                                 0           1  0.16s           2024-06-17T13:33:03
================================================================================
[2024-06-17T13:33:50.314+0000] {manager.py:737} INFO - Searching for files in /opt/airflow/dags
[2024-06-17T13:33:50.428+0000] {manager.py:740} INFO - There are 2 files in /opt/airflow/dags
[2024-06-17T13:33:58.562+0000] {manager.py:878} INFO - 
================================================================================
DAG File Processing Stats

File Path                            PID    Runtime      # DAGs    # Errors  Last Runtime    Last Run
-----------------------------------  -----  ---------  --------  ----------  --------------  -------------------
/opt/airflow/dags/test_dat.py                                 0           1  0.18s           2024-06-17T13:33:34
/opt/airflow/dags/historical_dag.py                           0           1  0.16s           2024-06-17T13:33:34
================================================================================
[2024-06-17T13:34:29.169+0000] {manager.py:878} INFO - 
================================================================================
DAG File Processing Stats

File Path                            PID    Runtime      # DAGs    # Errors  Last Runtime    Last Run
-----------------------------------  -----  ---------  --------  ----------  --------------  -------------------
/opt/airflow/dags/test_dat.py                                 0           1  0.16s           2024-06-17T13:34:04
/opt/airflow/dags/historical_dag.py                           0           1  0.15s           2024-06-17T13:34:04
================================================================================
[2024-06-17T13:34:59.584+0000] {manager.py:878} INFO - 
================================================================================
DAG File Processing Stats

File Path                            PID    Runtime      # DAGs    # Errors  Last Runtime    Last Run
-----------------------------------  -----  ---------  --------  ----------  --------------  -------------------
/opt/airflow/dags/test_dat.py                                 0           1  0.15s           2024-06-17T13:34:35
/opt/airflow/dags/historical_dag.py                           0           1  0.14s           2024-06-17T13:34:35
================================================================================
[2024-06-17T13:35:15.382+0000] {manager.py:452} INFO - Exiting gracefully upon receiving signal 15
